[2019-11-10 17:32:47] INFO [product.get:68] Viewing content for Location Details 
[2019-11-10 17:32:57] INFO [product.get:68] Viewing content for Location Details 
[2019-11-10 17:33:10] INFO [product.post:79] Created content for Location Details 
[2019-11-10 17:33:11] INFO [product.get:68] Viewing content for Location Details 
[2019-11-10 17:44:47] INFO [product.get:78] Viewing content for Location Details 
[2019-11-10 17:44:51] INFO [product.get:136] Viewing content for Department Details 
[2019-11-10 17:44:53] INFO [product.get:78] Viewing content for Location Details 
[2019-11-10 17:44:55] INFO [product.get:136] Viewing content for Department Details 
[2019-11-10 17:46:16] INFO [product.get:78] Viewing content for Location Details 
[2019-11-10 17:46:19] INFO [product.get:136] Viewing content for Department Details 
[2019-11-10 17:47:03] INFO [product.get:136] Viewing content for Department Details 
[2019-11-10 17:47:04] INFO [product.get:136] Viewing content for Department Details 
[2019-11-10 17:47:08] INFO [product.get:136] Viewing content for Department Details 
[2019-11-10 17:47:08] INFO [product.get:136] Viewing content for Department Details 
[2019-11-10 17:47:21] INFO [product.get:78] Viewing content for Location Details 
[2019-11-11 00:33:18] INFO [product.get:253] Viewing content for SubCategory Details 
[2019-11-11 00:33:38] INFO [product.get:136] Viewing content for Department Details 
[2019-11-11 00:33:42] INFO [product.get:195] Viewing content for Category Details 
[2019-11-11 00:33:59] INFO [product.post:267] Created content for SubCategory Details 
[2019-11-11 00:34:00] INFO [product.get:253] Viewing content for SubCategory Details 
[2019-11-11 00:34:10] INFO [product.get:253] Viewing content for SubCategory Details 
[2019-11-11 00:34:11] INFO [product.get:253] Viewing content for SubCategory Details 
[2019-11-11 00:34:20] INFO [product.put:279] Updated content for SubCategory Details 
[2019-11-11 00:34:20] INFO [product.get:253] Viewing content for SubCategory Details 
[2019-11-11 00:35:14] INFO [product.get:195] Viewing content for Category Details 
[2019-11-11 00:35:30] INFO [product.get:136] Viewing content for Department Details 
[2019-11-11 00:35:32] INFO [product.get:195] Viewing content for Category Details 
[2019-11-11 00:35:44] INFO [product.post:209] Created the content for Category Details 
[2019-11-11 00:35:45] INFO [product.get:195] Viewing content for Category Details 
[2019-11-11 00:35:55] INFO [product.get:195] Viewing content for Category Details 
[2019-11-11 00:35:56] INFO [product.get:195] Viewing content for Category Details 
[2019-11-11 00:36:03] INFO [product.put:222] Updated the content for Category Details 
[2019-11-11 00:36:03] INFO [product.get:195] Viewing content for Category Details 
[2019-11-11 00:36:19] INFO [product.get:136] Viewing content for Department Details 
[2019-11-11 00:37:12] INFO [product.get:136] Viewing content for Department Details 
[2019-11-11 00:37:42] INFO [product.post:145] Created the content for Department Details 
[2019-11-11 00:37:42] INFO [product.get:136] Viewing content for Department Details 
[2019-11-11 00:39:03] INFO [product.get:136] Viewing content for Department Details 
[2019-11-11 00:39:20] INFO [product.post:149] Created the content for Department Details 
[2019-11-11 00:39:20] INFO [product.get:136] Viewing content for Department Details 
[2019-11-11 00:39:27] INFO [product.get:136] Viewing content for Department Details 
[2019-11-11 00:39:27] INFO [product.get:136] Viewing content for Department Details 
[2019-11-11 00:39:34] INFO [product.put:161] Updated the content for Department Details 
[2019-11-11 00:39:34] INFO [product.get:136] Viewing content for Department Details 
[2019-11-11 00:39:39] INFO [product.get:78] Viewing content for Location Details 
[2019-11-11 00:39:47] INFO [product.get:78] Viewing content for Location Details 
[2019-11-11 00:40:10] INFO [product.get:78] Viewing content for Location Details 
[2019-11-11 00:40:28] INFO [product.get:78] Viewing content for Location Details 
[2019-11-11 00:40:31] INFO [product.get:78] Viewing content for Location Details 
[2019-11-11 00:40:34] INFO [product.get:78] Viewing content for Location Details 
[2019-11-11 00:41:08] INFO [product.get:78] Viewing content for Location Details 
[2019-11-11 00:43:38] INFO [product.get:78] Viewing content for Location Details 
[2019-11-11 00:44:19] INFO [product.get:78] Viewing content for Location Details 
[2019-11-11 00:44:24] INFO [product.get:78] Viewing content for Location Details 
[2019-11-11 00:44:32] INFO [product.get:78] Viewing content for Location Details 
[2019-11-11 00:47:24] INFO [product.get:78] Viewing content for Location Details 
[2019-11-11 00:47:28] INFO [product.get:78] Viewing content for Location Details 
[2019-11-11 00:53:47] INFO [product.get:78] Viewing content for Location Details 
[2019-11-11 01:02:18] INFO [product.get:78] Viewing content for Location Details 
[2019-11-11 01:02:24] INFO [product.get:78] Viewing content for Location Details 
[2019-11-11 01:03:03] INFO [product.delete:110] Deleted the content for Location Details 
[2019-11-11 01:03:03] INFO [product.get:78] Viewing content for Location Details 
[2019-11-11 01:03:43] INFO [product.get:78] Viewing content for Location Details 
[2019-11-11 01:03:50] INFO [product.get:78] Viewing content for Location Details 
[2019-11-11 02:12:46] INFO [product.get:78] Viewing content for Location Details 
[2019-11-11 02:15:06] INFO [product.get:78] Viewing content for Location Details 
[2019-11-11 02:16:19] INFO [product.get:78] Viewing content for Location Details 
[2019-11-11 02:18:19] INFO [product.get:78] Viewing content for Location Details 
[2019-11-11 02:20:27] INFO [product.get:78] Viewing content for Location Details 
[2019-11-11 02:21:38] INFO [product.get:78] Viewing content for Location Details 
[2019-11-11 02:24:29] INFO [product.get:78] Viewing content for Location Details 
[2019-11-11 02:25:27] INFO [product.get:311] Viewing content for SkuDetails Details 
[2019-11-11 02:26:36] INFO [product.get:78] Viewing content for Location Details 
[2019-11-11 02:26:43] INFO [product.get:317] Viewing content for SkuDetails Details 
[2019-11-11 02:27:08] INFO [product.get:137] Viewing content for Department Details 
[2019-11-11 02:27:12] INFO [product.get:196] Viewing content for Category Details 
[2019-11-11 02:27:17] INFO [product.get:258] Viewing content for SubCategory Details 
[2019-11-11 02:29:28] INFO [product.get:78] Viewing content for Location Details 
[2019-11-11 02:29:54] INFO [product.get:318] Viewing content for SkuDetails Details 
[2019-11-11 02:30:18] INFO [product.get:137] Viewing content for Department Details 
[2019-11-11 02:30:24] INFO [product.get:196] Viewing content for Category Details 
[2019-11-11 02:33:28] INFO [product.get:252] Viewing content for SubCategory Details 
[2019-11-11 02:35:06] INFO [product.get:78] Viewing content for Location Details 
[2019-11-11 02:35:27] INFO [product.get:318] Viewing content for SkuDetails Details 
[2019-11-11 02:35:36] INFO [product.get:137] Viewing content for Department Details 
[2019-11-11 02:35:41] INFO [product.get:196] Viewing content for Category Details 
[2019-11-11 02:35:47] INFO [product.get:259] Viewing content for SubCategory Details 
[2019-11-11 02:39:58] INFO [product.get:78] Viewing content for Location Details 
[2019-11-11 02:40:03] INFO [product.get:318] Viewing content for SkuDetails Details 
[2019-11-11 02:41:44] INFO [product.get:78] Viewing content for Location Details 
[2019-11-11 02:42:37] INFO [product.get:318] Viewing content for SkuDetails Details 
[2019-11-11 02:42:48] INFO [product.get:137] Viewing content for Department Details 
[2019-11-11 02:42:56] INFO [product.get:196] Viewing content for Category Details 
[2019-11-11 02:43:02] INFO [product.get:259] Viewing content for SubCategory Details 
[2019-11-11 02:48:08] INFO [product.get:78] Viewing content for Location Details 
[2019-11-11 02:49:12] INFO [product.get:78] Viewing content for Location Details 
[2019-11-11 02:51:55] INFO [product.get:78] Viewing content for Location Details 
[2019-11-11 02:52:02] INFO [product.get:318] Viewing content for SkuDetails Details 
[2019-11-11 02:52:12] INFO [product.get:137] Viewing content for Department Details 
[2019-11-11 02:52:19] INFO [product.get:196] Viewing content for Category Details 
[2019-11-11 02:52:24] INFO [product.get:259] Viewing content for SubCategory Details 
[2019-11-11 02:54:34] INFO [product.get:78] Viewing content for Location Details 
[2019-11-11 02:55:07] INFO [product.get:78] Viewing content for Location Details 
[2019-11-11 02:55:15] INFO [product.get:318] Viewing content for SkuDetails Details 
[2019-11-11 02:55:26] INFO [product.get:137] Viewing content for Department Details 
[2019-11-11 02:55:30] INFO [product.get:196] Viewing content for Category Details 
[2019-11-11 02:55:35] INFO [product.get:259] Viewing content for SubCategory Details 
[2019-11-11 02:56:32] INFO [product.post:339] Created content for SkuDetails Details 
[2019-11-11 02:56:32] INFO [product.get:318] Viewing content for SkuDetails Details 
[2019-11-11 02:56:56] INFO [product.get:318] Viewing content for SkuDetails Details 
[2019-11-11 02:56:56] INFO [product.get:318] Viewing content for SkuDetails Details 
[2019-11-11 02:57:05] INFO [product.get:318] Viewing content for SkuDetails Details 
[2019-11-11 02:58:36] INFO [product.get:78] Viewing content for Location Details 
[2019-11-11 02:58:42] INFO [product.get:318] Viewing content for SkuDetails Details 
[2019-11-11 02:58:55] INFO [product.get:318] Viewing content for SkuDetails Details 
[2019-11-11 02:58:56] INFO [product.get:318] Viewing content for SkuDetails Details 
[2019-11-11 02:59:01] INFO [product.put:351] Updated content for SkuDetails Details 
[2019-11-11 02:59:02] INFO [product.get:318] Viewing content for SkuDetails Details 
[2019-11-11 02:59:38] INFO [product.get:137] Viewing content for Department Details 
[2019-11-11 03:00:11] INFO [product.get:196] Viewing content for Category Details 
[2019-11-11 03:00:19] INFO [product.get:259] Viewing content for SubCategory Details 
[2019-11-11 03:00:44] INFO [product.post:339] Created content for SkuDetails Details 
[2019-11-11 03:00:44] INFO [product.get:318] Viewing content for SkuDetails Details 
[2019-11-11 03:00:53] INFO [product.get:318] Viewing content for SkuDetails Details 
[2019-11-11 03:00:53] INFO [product.get:318] Viewing content for SkuDetails Details 
[2019-11-11 03:00:59] INFO [product.put:351] Updated content for SkuDetails Details 
[2019-11-11 03:00:59] INFO [product.get:318] Viewing content for SkuDetails Details 
[2019-11-11 03:03:51] INFO [product.get:78] Viewing content for Location Details 
[2019-11-11 03:05:02] INFO [product.get:137] Viewing content for Department Details 
[2019-11-11 03:08:57] INFO [product.get:137] Viewing content for Department Details 
[2019-11-11 03:14:26] INFO [product.get:200] Viewing content for Category Details 
[2019-11-11 03:20:42] INFO [product.get:271] Viewing content for SubCategory Details 
[2019-11-11 03:26:38] INFO [product.get:338] Viewing content for SkuDetails Details 
